Connecting to database specified by database.yml
Connecting to database specified by database.yml
Connecting to database specified by database.yml
  [1m[36m (118.7ms)[0m  [1mCREATE TABLE `schema_migrations` (`version` varchar(255) NOT NULL) ENGINE=InnoDB[0m
  [1m[35m (296.9ms)[0m  CREATE UNIQUE INDEX `unique_schema_migrations` ON `schema_migrations` (`version`)
  [1m[36m (2.9ms)[0m  [1mSELECT `schema_migrations`.`version` FROM `schema_migrations` [0m
Migrating to CreateTrips (20121013002842)
  [1m[35m (202.9ms)[0m  CREATE TABLE `trips` (`id` int(11) DEFAULT NULL auto_increment PRIMARY KEY, `name` varchar(255) DEFAULT '' NOT NULL, `description` text DEFAULT '', `is_public` tinyint(1), `owner_id` int(11) NOT NULL, `created_at` datetime NOT NULL, `updated_at` datetime NOT NULL) ENGINE=InnoDB
  [1m[36m (0.6ms)[0m  [1mINSERT INTO `schema_migrations` (`version`) VALUES ('20121013002842')[0m
Migrating to CreateDestinations (20121013002851)
  [1m[35m (239.9ms)[0m  CREATE TABLE `destinations` (`id` int(11) DEFAULT NULL auto_increment PRIMARY KEY, `name` varchar(255) DEFAULT '' NOT NULL, `google_address` varchar(255) DEFAULT '', `from_date` date, `to_date` date, `trip_id` int(11), `created_at` datetime NOT NULL, `updated_at` datetime NOT NULL) ENGINE=InnoDB
  [1m[36m (0.6ms)[0m  [1mINSERT INTO `schema_migrations` (`version`) VALUES ('20121013002851')[0m
Migrating to CreateExpenses (20121013002949)
  [1m[35m (211.1ms)[0m  CREATE TABLE `expenses` (`id` int(11) DEFAULT NULL auto_increment PRIMARY KEY, `name` varchar(255) DEFAULT '' NOT NULL, `category` varchar(255) DEFAULT '', `destination_id` int(11) NOT NULL, `created_at` datetime NOT NULL, `updated_at` datetime NOT NULL) ENGINE=InnoDB
  [1m[36m (0.5ms)[0m  [1mINSERT INTO `schema_migrations` (`version`) VALUES ('20121013002949')[0m
Migrating to CreateAlternatives (20121013003110)
  [1m[35m (192.8ms)[0m  CREATE TABLE `alternatives` (`id` int(11) DEFAULT NULL auto_increment PRIMARY KEY, `cost` decimal DEFAULT 0.0 NOT NULL, `person_gap` varchar(255) DEFAULT 'per_person' NOT NULL, `time_gap` varchar(255) DEFAULT 'per_day' NOT NULL, `expense_id` int(11), `is_checked` tinyint(1), `created_at` datetime NOT NULL, `updated_at` datetime NOT NULL) ENGINE=InnoDB
  [1m[36m (0.6ms)[0m  [1mINSERT INTO `schema_migrations` (`version`) VALUES ('20121013003110')[0m
Migrating to CreateTravellers (20121013003351)
  [1m[35m (194.5ms)[0m  CREATE TABLE `travellers` (`id` int(11) DEFAULT NULL auto_increment PRIMARY KEY, `nickname` varchar(255) DEFAULT '' NOT NULL, `twitter_uid` varchar(255), `email` varchar(255) DEFAULT '', `name` varchar(255) DEFAULT '', `checksum` varchar(255) DEFAULT '', `created_at` datetime NOT NULL, `updated_at` datetime NOT NULL) ENGINE=InnoDB
  [1m[36m (0.5ms)[0m  [1mINSERT INTO `schema_migrations` (`version`) VALUES ('20121013003351')[0m
Migrating to CreateComments (20121013003537)
  [1m[35m (223.3ms)[0m  CREATE TABLE `comments` (`id` int(11) DEFAULT NULL auto_increment PRIMARY KEY, `body` varchar(255) DEFAULT '', `expense_id` int(11) NOT NULL, `traveller_id` int(11) NOT NULL, `created_at` datetime NOT NULL, `updated_at` datetime NOT NULL) ENGINE=InnoDB
  [1m[36m (0.6ms)[0m  [1mINSERT INTO `schema_migrations` (`version`) VALUES ('20121013003537')[0m
Migrating to AddTravellerTripTable (20121013004422)
  [1m[35m (264.5ms)[0m  CREATE TABLE `travellers_trips` (`id` int(11) DEFAULT NULL auto_increment PRIMARY KEY, `traveller_id` int(11), `trip_id` int(11)) ENGINE=InnoDB
  [1m[36m (305.9ms)[0m  [1mCREATE INDEX `index_traveller_trips_on_traveller_id` ON `travellers_trips` (`traveller_id`)[0m
  [1m[35m (211.3ms)[0m  CREATE INDEX `index_traveller_trips_on_trip_id` ON `travellers_trips` (`trip_id`)
  [1m[36m (0.6ms)[0m  [1mINSERT INTO `schema_migrations` (`version`) VALUES ('20121013004422')[0m
Migrating to AddExpenseTravellerTable (20121013004921)
  [1m[35m (205.3ms)[0m  CREATE TABLE `expenses_travellers` (`id` int(11) DEFAULT NULL auto_increment PRIMARY KEY, `traveller_id` int(11), `expense_id` int(11)) ENGINE=InnoDB
  [1m[36m (245.6ms)[0m  [1mCREATE INDEX `index_expenses_travellers_on_traveller_id` ON `expenses_travellers` (`traveller_id`)[0m
  [1m[35m (211.7ms)[0m  CREATE INDEX `index_expenses_travellers_on_expense_id` ON `expenses_travellers` (`expense_id`)
  [1m[36m (0.8ms)[0m  [1mINSERT INTO `schema_migrations` (`version`) VALUES ('20121013004921')[0m
  [1m[35m (0.1ms)[0m  SELECT `schema_migrations`.`version` FROM `schema_migrations` 
Connecting to database specified by database.yml
Connecting to database specified by database.yml


Started GET "/trips/new" for 127.0.0.1 at 2012-10-13 00:05:34 -0200
Processing by TripsController#new as HTML
  Rendered trips/new.html.erb within layouts/application (0.3ms)
Compiled bootstrap_and_overrides.css  (696ms)  (pid 48037)
Compiled application.css  (704ms)  (pid 48037)
Completed 500 Internal Server Error in 893ms

ActionView::Template::Error (undefined local variable or method `products_path' for #<#<Class:0x007fe20eb9ab70>:0x007fe20eb974c0>):
    23:       <a class="brand" href="#">Some Store</a>
    24:       <div class="nav-collapse">
    25:         <ul class="nav">
    26:           <li><%= link_to "Browse Products", products_path %></li>
    27:           <li><%= link_to "Price List" %></li>
    28:           <li><%= link_to "Contact Us" %></li>
    29:           <li><%= link_to "Cart" %></li>
  app/views/layouts/application.html.erb:26:in `_app_views_layouts_application_html_erb__3651306497559209834_70304452127400'


  Rendered /Users/veronicarebagliatte/.rvm/gems/ruby-1.9.3-p194@tripbudget/gems/actionpack-3.2.8/lib/action_dispatch/middleware/templates/rescues/_trace.erb (1.0ms)
  Rendered /Users/veronicarebagliatte/.rvm/gems/ruby-1.9.3-p194@tripbudget/gems/actionpack-3.2.8/lib/action_dispatch/middleware/templates/rescues/_request_and_response.erb (0.7ms)
  Rendered /Users/veronicarebagliatte/.rvm/gems/ruby-1.9.3-p194@tripbudget/gems/actionpack-3.2.8/lib/action_dispatch/middleware/templates/rescues/template_error.erb within rescues/layout (7.8ms)


Started GET "/trips/new" for 127.0.0.1 at 2012-10-13 00:05:51 -0200
Processing by TripsController#new as HTML
  Rendered trips/new.html.erb within layouts/application (0.0ms)
Compiled twitter/bootstrap/bootstrap-transition.js  (0ms)  (pid 48037)
Compiled twitter/bootstrap/bootstrap-alert.js  (0ms)  (pid 48037)
Compiled twitter/bootstrap/bootstrap-modal.js  (0ms)  (pid 48037)
Compiled twitter/bootstrap/bootstrap-dropdown.js  (0ms)  (pid 48037)
Compiled twitter/bootstrap/bootstrap-scrollspy.js  (0ms)  (pid 48037)
Compiled twitter/bootstrap/bootstrap-tab.js  (0ms)  (pid 48037)
Compiled twitter/bootstrap/bootstrap-tooltip.js  (0ms)  (pid 48037)
Compiled twitter/bootstrap/bootstrap-popover.js  (0ms)  (pid 48037)
Compiled twitter/bootstrap/bootstrap-button.js  (0ms)  (pid 48037)
Compiled twitter/bootstrap/bootstrap-collapse.js  (0ms)  (pid 48037)
Compiled twitter/bootstrap/bootstrap-carousel.js  (0ms)  (pid 48037)
Compiled twitter/bootstrap/bootstrap-typeahead.js  (0ms)  (pid 48037)
Compiled twitter/bootstrap/bootstrap-affix.js  (0ms)  (pid 48037)
Compiled twitter/bootstrap.js  (196ms)  (pid 48037)
Completed 500 Internal Server Error in 299ms

ActionView::Template::Error (cannot load such file -- coffee_script
  (in /Users/veronicarebagliatte/Documents/Dev/r12-team-209/app/assets/javascripts/bootstrap.js.coffee)):
    33:   </div>
    34: </div>
    35: 
    36: <%= javascript_include_tag 'application' %>
    37: <%= javascript_tag do %>
    38:   <%= yield :javascript %>
    39: <% end %>
  app/views/layouts/application.html.erb:36:in `_app_views_layouts_application_html_erb__3651306497559209834_70304424469580'


  Rendered /Users/veronicarebagliatte/.rvm/gems/ruby-1.9.3-p194@tripbudget/gems/actionpack-3.2.8/lib/action_dispatch/middleware/templates/rescues/_trace.erb (1.1ms)
  Rendered /Users/veronicarebagliatte/.rvm/gems/ruby-1.9.3-p194@tripbudget/gems/actionpack-3.2.8/lib/action_dispatch/middleware/templates/rescues/_request_and_response.erb (0.8ms)
  Rendered /Users/veronicarebagliatte/.rvm/gems/ruby-1.9.3-p194@tripbudget/gems/actionpack-3.2.8/lib/action_dispatch/middleware/templates/rescues/template_error.erb within rescues/layout (7.2ms)


Started GET "/trips/new" for 127.0.0.1 at 2012-10-13 00:08:17 -0200
Processing by TripsController#new as HTML
  Rendered trips/new.html.erb within layouts/application (0.0ms)
Completed 500 Internal Server Error in 25ms

ActionView::Template::Error (cannot load such file -- coffee_script
  (in /Users/veronicarebagliatte/Documents/Dev/r12-team-209/app/assets/javascripts/bootstrap.js.coffee)):
    3: <head>
    4:   <title>Tripbudget</title>
    5:   <%= stylesheet_link_tag "application", :media => "all" %>
    6:   <%= javascript_include_tag "application" %>
    7:   <%= csrf_meta_tags %>
    8:   <meta name="viewport" content="width=device-width, initial-scale=1.0">
    9: </head>
  app/views/layouts/application.html.erb:6:in `_app_views_layouts_application_html_erb__3651306497559209834_70304457788380'


  Rendered /Users/veronicarebagliatte/.rvm/gems/ruby-1.9.3-p194@tripbudget/gems/actionpack-3.2.8/lib/action_dispatch/middleware/templates/rescues/_trace.erb (1.0ms)
  Rendered /Users/veronicarebagliatte/.rvm/gems/ruby-1.9.3-p194@tripbudget/gems/actionpack-3.2.8/lib/action_dispatch/middleware/templates/rescues/_request_and_response.erb (0.8ms)
  Rendered /Users/veronicarebagliatte/.rvm/gems/ruby-1.9.3-p194@tripbudget/gems/actionpack-3.2.8/lib/action_dispatch/middleware/templates/rescues/template_error.erb within rescues/layout (38.5ms)


Started GET "/trips/new" for 127.0.0.1 at 2012-10-13 00:08:22 -0200
Processing by TripsController#new as HTML
  Rendered trips/new.html.erb within layouts/application (0.0ms)
Completed 500 Internal Server Error in 26ms

ActionView::Template::Error (cannot load such file -- coffee_script
  (in /Users/veronicarebagliatte/Documents/Dev/r12-team-209/app/assets/javascripts/bootstrap.js.coffee)):
    3: <head>
    4:   <title>Tripbudget</title>
    5:   <%= stylesheet_link_tag "application", :media => "all" %>
    6:   <%= javascript_include_tag "application" %>
    7:   <%= csrf_meta_tags %>
    8:   <meta name="viewport" content="width=device-width, initial-scale=1.0">
    9: </head>
  app/views/layouts/application.html.erb:6:in `_app_views_layouts_application_html_erb__3651306497559209834_70304437606200'


  Rendered /Users/veronicarebagliatte/.rvm/gems/ruby-1.9.3-p194@tripbudget/gems/actionpack-3.2.8/lib/action_dispatch/middleware/templates/rescues/_trace.erb (1.1ms)
  Rendered /Users/veronicarebagliatte/.rvm/gems/ruby-1.9.3-p194@tripbudget/gems/actionpack-3.2.8/lib/action_dispatch/middleware/templates/rescues/_request_and_response.erb (0.7ms)
  Rendered /Users/veronicarebagliatte/.rvm/gems/ruby-1.9.3-p194@tripbudget/gems/actionpack-3.2.8/lib/action_dispatch/middleware/templates/rescues/template_error.erb within rescues/layout (6.7ms)


Started GET "/trips/new" for 127.0.0.1 at 2012-10-13 00:08:23 -0200
Processing by TripsController#new as HTML
  Rendered trips/new.html.erb within layouts/application (0.0ms)
Completed 500 Internal Server Error in 25ms

ActionView::Template::Error (cannot load such file -- coffee_script
  (in /Users/veronicarebagliatte/Documents/Dev/r12-team-209/app/assets/javascripts/bootstrap.js.coffee)):
    3: <head>
    4:   <title>Tripbudget</title>
    5:   <%= stylesheet_link_tag "application", :media => "all" %>
    6:   <%= javascript_include_tag "application" %>
    7:   <%= csrf_meta_tags %>
    8:   <meta name="viewport" content="width=device-width, initial-scale=1.0">
    9: </head>
  app/views/layouts/application.html.erb:6:in `_app_views_layouts_application_html_erb__3651306497559209834_70304437606200'


  Rendered /Users/veronicarebagliatte/.rvm/gems/ruby-1.9.3-p194@tripbudget/gems/actionpack-3.2.8/lib/action_dispatch/middleware/templates/rescues/_trace.erb (1.0ms)
  Rendered /Users/veronicarebagliatte/.rvm/gems/ruby-1.9.3-p194@tripbudget/gems/actionpack-3.2.8/lib/action_dispatch/middleware/templates/rescues/_request_and_response.erb (0.8ms)
  Rendered /Users/veronicarebagliatte/.rvm/gems/ruby-1.9.3-p194@tripbudget/gems/actionpack-3.2.8/lib/action_dispatch/middleware/templates/rescues/template_error.erb within rescues/layout (39.0ms)


Started GET "/trips/new" for 127.0.0.1 at 2012-10-13 00:08:23 -0200
Processing by TripsController#new as HTML
  Rendered trips/new.html.erb within layouts/application (0.0ms)
Completed 500 Internal Server Error in 25ms

ActionView::Template::Error (cannot load such file -- coffee_script
  (in /Users/veronicarebagliatte/Documents/Dev/r12-team-209/app/assets/javascripts/bootstrap.js.coffee)):
    3: <head>
    4:   <title>Tripbudget</title>
    5:   <%= stylesheet_link_tag "application", :media => "all" %>
    6:   <%= javascript_include_tag "application" %>
    7:   <%= csrf_meta_tags %>
    8:   <meta name="viewport" content="width=device-width, initial-scale=1.0">
    9: </head>
  app/views/layouts/application.html.erb:6:in `_app_views_layouts_application_html_erb__3651306497559209834_70304437606200'


  Rendered /Users/veronicarebagliatte/.rvm/gems/ruby-1.9.3-p194@tripbudget/gems/actionpack-3.2.8/lib/action_dispatch/middleware/templates/rescues/_trace.erb (1.0ms)
  Rendered /Users/veronicarebagliatte/.rvm/gems/ruby-1.9.3-p194@tripbudget/gems/actionpack-3.2.8/lib/action_dispatch/middleware/templates/rescues/_request_and_response.erb (0.7ms)
  Rendered /Users/veronicarebagliatte/.rvm/gems/ruby-1.9.3-p194@tripbudget/gems/actionpack-3.2.8/lib/action_dispatch/middleware/templates/rescues/template_error.erb within rescues/layout (6.9ms)


Started GET "/trips/new" for 127.0.0.1 at 2012-10-13 00:08:47 -0200
Processing by TripsController#new as HTML
  Rendered trips/new.html.erb within layouts/application (0.0ms)
Completed 500 Internal Server Error in 15ms

ActionView::Template::Error (cannot load such file -- coffee_script
  (in /Users/veronicarebagliatte/Documents/Dev/r12-team-209/app/assets/javascripts/bootstrap.js.coffee)):
    3: <head>
    4:   <title>Tripbudget</title>
    5:   <%= stylesheet_link_tag "application", :media => "all" %>
    6:   <%= javascript_include_tag "application" %>
    7:   <%= csrf_meta_tags %>
    8:   <meta name="viewport" content="width=device-width, initial-scale=1.0">
    9: </head>
  app/views/layouts/application.html.erb:6:in `_app_views_layouts_application_html_erb__3651306497559209834_70304437606200'


  Rendered /Users/veronicarebagliatte/.rvm/gems/ruby-1.9.3-p194@tripbudget/gems/actionpack-3.2.8/lib/action_dispatch/middleware/templates/rescues/_trace.erb (1.1ms)
  Rendered /Users/veronicarebagliatte/.rvm/gems/ruby-1.9.3-p194@tripbudget/gems/actionpack-3.2.8/lib/action_dispatch/middleware/templates/rescues/_request_and_response.erb (0.7ms)
  Rendered /Users/veronicarebagliatte/.rvm/gems/ruby-1.9.3-p194@tripbudget/gems/actionpack-3.2.8/lib/action_dispatch/middleware/templates/rescues/template_error.erb within rescues/layout (6.9ms)


Started GET "/trips/new" for 127.0.0.1 at 2012-10-13 00:08:49 -0200
Processing by TripsController#new as HTML
  Rendered trips/new.html.erb within layouts/application (0.0ms)
Completed 500 Internal Server Error in 48ms

ActionView::Template::Error (cannot load such file -- coffee_script
  (in /Users/veronicarebagliatte/Documents/Dev/r12-team-209/app/assets/javascripts/bootstrap.js.coffee)):
    3: <head>
    4:   <title>Tripbudget</title>
    5:   <%= stylesheet_link_tag "application", :media => "all" %>
    6:   <%= javascript_include_tag "application" %>
    7:   <%= csrf_meta_tags %>
    8:   <meta name="viewport" content="width=device-width, initial-scale=1.0">
    9: </head>
  app/views/layouts/application.html.erb:6:in `_app_views_layouts_application_html_erb__3651306497559209834_70304437606200'


  Rendered /Users/veronicarebagliatte/.rvm/gems/ruby-1.9.3-p194@tripbudget/gems/actionpack-3.2.8/lib/action_dispatch/middleware/templates/rescues/_trace.erb (1.1ms)
  Rendered /Users/veronicarebagliatte/.rvm/gems/ruby-1.9.3-p194@tripbudget/gems/actionpack-3.2.8/lib/action_dispatch/middleware/templates/rescues/_request_and_response.erb (0.7ms)
  Rendered /Users/veronicarebagliatte/.rvm/gems/ruby-1.9.3-p194@tripbudget/gems/actionpack-3.2.8/lib/action_dispatch/middleware/templates/rescues/template_error.erb within rescues/layout (6.9ms)


Started GET "/trips/new" for 127.0.0.1 at 2012-10-13 00:09:03 -0200
Processing by TripsController#new as HTML
  Rendered trips/new.html.erb within layouts/application (0.0ms)
Completed 500 Internal Server Error in 15ms

ActionView::Template::Error (cannot load such file -- coffee_script
  (in /Users/veronicarebagliatte/Documents/Dev/r12-team-209/app/assets/javascripts/bootstrap.js.coffee)):
    3: <head>
    4:   <title>Tripbudget</title>
    5:   <%= stylesheet_link_tag "application", :media => "all" %>
    6:   <%= javascript_include_tag "application" %>
    7:   <%= csrf_meta_tags %>
    8:   <meta name="viewport" content="width=device-width, initial-scale=1.0">
    9: </head>
  app/views/layouts/application.html.erb:6:in `_app_views_layouts_application_html_erb__3651306497559209834_70304437606200'


  Rendered /Users/veronicarebagliatte/.rvm/gems/ruby-1.9.3-p194@tripbudget/gems/actionpack-3.2.8/lib/action_dispatch/middleware/templates/rescues/_trace.erb (1.0ms)
  Rendered /Users/veronicarebagliatte/.rvm/gems/ruby-1.9.3-p194@tripbudget/gems/actionpack-3.2.8/lib/action_dispatch/middleware/templates/rescues/_request_and_response.erb (0.7ms)
  Rendered /Users/veronicarebagliatte/.rvm/gems/ruby-1.9.3-p194@tripbudget/gems/actionpack-3.2.8/lib/action_dispatch/middleware/templates/rescues/template_error.erb within rescues/layout (6.7ms)


Started GET "/trips/new" for 127.0.0.1 at 2012-10-13 00:09:04 -0200
Processing by TripsController#new as HTML
  Rendered trips/new.html.erb within layouts/application (0.0ms)
Completed 500 Internal Server Error in 16ms

ActionView::Template::Error (cannot load such file -- coffee_script
  (in /Users/veronicarebagliatte/Documents/Dev/r12-team-209/app/assets/javascripts/bootstrap.js.coffee)):
    3: <head>
    4:   <title>Tripbudget</title>
    5:   <%= stylesheet_link_tag "application", :media => "all" %>
    6:   <%= javascript_include_tag "application" %>
    7:   <%= csrf_meta_tags %>
    8:   <meta name="viewport" content="width=device-width, initial-scale=1.0">
    9: </head>
  app/views/layouts/application.html.erb:6:in `_app_views_layouts_application_html_erb__3651306497559209834_70304437606200'


  Rendered /Users/veronicarebagliatte/.rvm/gems/ruby-1.9.3-p194@tripbudget/gems/actionpack-3.2.8/lib/action_dispatch/middleware/templates/rescues/_trace.erb (32.5ms)
  Rendered /Users/veronicarebagliatte/.rvm/gems/ruby-1.9.3-p194@tripbudget/gems/actionpack-3.2.8/lib/action_dispatch/middleware/templates/rescues/_request_and_response.erb (0.8ms)
  Rendered /Users/veronicarebagliatte/.rvm/gems/ruby-1.9.3-p194@tripbudget/gems/actionpack-3.2.8/lib/action_dispatch/middleware/templates/rescues/template_error.erb within rescues/layout (38.5ms)


Started GET "/trips/new" for 127.0.0.1 at 2012-10-13 00:11:03 -0200
Processing by TripsController#new as HTML
  Rendered trips/new.html.erb within layouts/application (0.0ms)
Compiled bootstrap.js  (0ms)  (pid 48037)
Compiled application.js  (18ms)  (pid 48037)
Completed 200 OK in 39ms (Views: 39.3ms | ActiveRecord: 0.0ms)


Started GET "/assets/bootstrap_and_overrides.css?body=1" for 127.0.0.1 at 2012-10-13 00:11:03 -0200
Served asset /bootstrap_and_overrides.css - 200 OK (3ms)


Started GET "/assets/twitter/bootstrap/bootstrap-alert.js?body=1" for 127.0.0.1 at 2012-10-13 00:11:03 -0200
Served asset /twitter/bootstrap/bootstrap-alert.js - 200 OK (3ms)


Started GET "/assets/twitter/bootstrap/bootstrap-transition.js?body=1" for 127.0.0.1 at 2012-10-13 00:11:03 -0200
Served asset /twitter/bootstrap/bootstrap-transition.js - 200 OK (2ms)


Started GET "/assets/twitter/bootstrap/bootstrap-dropdown.js?body=1" for 127.0.0.1 at 2012-10-13 00:11:03 -0200
Served asset /twitter/bootstrap/bootstrap-dropdown.js - 200 OK (2ms)


Started GET "/assets/twitter/bootstrap/bootstrap-modal.js?body=1" for 127.0.0.1 at 2012-10-13 00:11:03 -0200
Served asset /twitter/bootstrap/bootstrap-modal.js - 200 OK (2ms)


Started GET "/assets/twitter/bootstrap/bootstrap-scrollspy.js?body=1" for 127.0.0.1 at 2012-10-13 00:11:03 -0200
Served asset /twitter/bootstrap/bootstrap-scrollspy.js - 200 OK (1ms)


Started GET "/assets/twitter/bootstrap/bootstrap-tab.js?body=1" for 127.0.0.1 at 2012-10-13 00:11:03 -0200
Served asset /twitter/bootstrap/bootstrap-tab.js - 200 OK (1ms)


Started GET "/assets/twitter/bootstrap/bootstrap-tooltip.js?body=1" for 127.0.0.1 at 2012-10-13 00:11:03 -0200
Served asset /twitter/bootstrap/bootstrap-tooltip.js - 200 OK (3ms)


Started GET "/assets/twitter/bootstrap/bootstrap-collapse.js?body=1" for 127.0.0.1 at 2012-10-13 00:11:03 -0200
Served asset /twitter/bootstrap/bootstrap-collapse.js - 200 OK (1ms)


Started GET "/assets/twitter/bootstrap/bootstrap-button.js?body=1" for 127.0.0.1 at 2012-10-13 00:11:03 -0200
Served asset /twitter/bootstrap/bootstrap-button.js - 200 OK (2ms)


Started GET "/assets/twitter/bootstrap/bootstrap-popover.js?body=1" for 127.0.0.1 at 2012-10-13 00:11:03 -0200
Served asset /twitter/bootstrap/bootstrap-popover.js - 200 OK (1ms)


Started GET "/assets/twitter/bootstrap/bootstrap-carousel.js?body=1" for 127.0.0.1 at 2012-10-13 00:11:03 -0200
Served asset /twitter/bootstrap/bootstrap-carousel.js - 200 OK (1ms)


Started GET "/assets/twitter/bootstrap/bootstrap-typeahead.js?body=1" for 127.0.0.1 at 2012-10-13 00:11:03 -0200
Served asset /twitter/bootstrap/bootstrap-typeahead.js - 200 OK (1ms)


Started GET "/assets/bootstrap.js?body=1" for 127.0.0.1 at 2012-10-13 00:11:03 -0200
Served asset /bootstrap.js - 200 OK (1ms)


Started GET "/assets/twitter/bootstrap.js?body=1" for 127.0.0.1 at 2012-10-13 00:11:03 -0200
Served asset /twitter/bootstrap.js - 200 OK (11ms)


Started GET "/assets/destinations.css?body=1" for 127.0.0.1 at 2012-10-13 00:11:03 -0200
Served asset /destinations.css - 304 Not Modified (1ms)


Started GET "/assets/application.css?body=1" for 127.0.0.1 at 2012-10-13 00:11:03 -0200
Served asset /application.css - 304 Not Modified (7ms)


Started GET "/assets/twitter/bootstrap/bootstrap-affix.js?body=1" for 127.0.0.1 at 2012-10-13 00:11:03 -0200
Served asset /twitter/bootstrap/bootstrap-affix.js - 200 OK (1ms)


Started GET "/assets/home.css?body=1" for 127.0.0.1 at 2012-10-13 00:11:03 -0200
Served asset /home.css - 304 Not Modified (1ms)


Started GET "/assets/trips.css?body=1" for 127.0.0.1 at 2012-10-13 00:11:03 -0200
Served asset /trips.css - 304 Not Modified (1ms)


Started GET "/assets/user.css?body=1" for 127.0.0.1 at 2012-10-13 00:11:03 -0200
Served asset /user.css - 304 Not Modified (1ms)


Started GET "/assets/jquery.js?body=1" for 127.0.0.1 at 2012-10-13 00:11:03 -0200
Served asset /jquery.js - 304 Not Modified (40ms)


Started GET "/assets/jquery_ujs.js?body=1" for 127.0.0.1 at 2012-10-13 00:11:03 -0200
Served asset /jquery_ujs.js - 304 Not Modified (3ms)


Started GET "/assets/destinations.js?body=1" for 127.0.0.1 at 2012-10-13 00:11:03 -0200
Served asset /destinations.js - 304 Not Modified (1ms)


Started GET "/assets/home.js?body=1" for 127.0.0.1 at 2012-10-13 00:11:03 -0200
Served asset /home.js - 304 Not Modified (1ms)


Started GET "/assets/trips.js?body=1" for 127.0.0.1 at 2012-10-13 00:11:03 -0200
Served asset /trips.js - 304 Not Modified (0ms)


Started GET "/assets/user.js?body=1" for 127.0.0.1 at 2012-10-13 00:11:03 -0200
Served asset /user.js - 304 Not Modified (1ms)


Started GET "/assets/application.js?body=1" for 127.0.0.1 at 2012-10-13 00:11:03 -0200
Served asset /application.js - 200 OK (16ms)


Started GET "/trips/new" for 127.0.0.1 at 2012-10-13 00:11:42 -0200
Processing by TripsController#new as HTML
  Rendered trips/new.html.erb within layouts/application (0.0ms)
Completed 200 OK in 10ms (Views: 9.8ms | ActiveRecord: 0.0ms)


Started GET "/assets/application.css?body=1" for 127.0.0.1 at 2012-10-13 00:11:43 -0200
Served asset /application.css - 304 Not Modified (0ms)


Started GET "/assets/home.css?body=1" for 127.0.0.1 at 2012-10-13 00:11:43 -0200
Served asset /home.css - 304 Not Modified (0ms)


Started GET "/assets/destinations.css?body=1" for 127.0.0.1 at 2012-10-13 00:11:43 -0200
Served asset /destinations.css - 304 Not Modified (0ms)


Started GET "/assets/bootstrap_and_overrides.css?body=1" for 127.0.0.1 at 2012-10-13 00:11:43 -0200
Served asset /bootstrap_and_overrides.css - 304 Not Modified (0ms)


Started GET "/assets/user.css?body=1" for 127.0.0.1 at 2012-10-13 00:11:43 -0200
Served asset /user.css - 304 Not Modified (0ms)


Started GET "/assets/trips.css?body=1" for 127.0.0.1 at 2012-10-13 00:11:43 -0200
Served asset /trips.css - 304 Not Modified (0ms)


Started GET "/assets/jquery.js?body=1" for 127.0.0.1 at 2012-10-13 00:11:43 -0200
Served asset /jquery.js - 304 Not Modified (0ms)


Started GET "/assets/jquery_ujs.js?body=1" for 127.0.0.1 at 2012-10-13 00:11:43 -0200
Served asset /jquery_ujs.js - 304 Not Modified (0ms)


Started GET "/assets/twitter/bootstrap/bootstrap-transition.js?body=1" for 127.0.0.1 at 2012-10-13 00:11:43 -0200
Served asset /twitter/bootstrap/bootstrap-transition.js - 304 Not Modified (0ms)


Started GET "/assets/twitter/bootstrap/bootstrap-alert.js?body=1" for 127.0.0.1 at 2012-10-13 00:11:43 -0200
Served asset /twitter/bootstrap/bootstrap-alert.js - 304 Not Modified (0ms)


Started GET "/assets/twitter/bootstrap/bootstrap-modal.js?body=1" for 127.0.0.1 at 2012-10-13 00:11:43 -0200
Served asset /twitter/bootstrap/bootstrap-modal.js - 304 Not Modified (0ms)


Started GET "/assets/twitter/bootstrap/bootstrap-dropdown.js?body=1" for 127.0.0.1 at 2012-10-13 00:11:43 -0200
Served asset /twitter/bootstrap/bootstrap-dropdown.js - 304 Not Modified (0ms)


Started GET "/assets/twitter/bootstrap/bootstrap-scrollspy.js?body=1" for 127.0.0.1 at 2012-10-13 00:11:43 -0200
Served asset /twitter/bootstrap/bootstrap-scrollspy.js - 304 Not Modified (0ms)


Started GET "/assets/twitter/bootstrap/bootstrap-tab.js?body=1" for 127.0.0.1 at 2012-10-13 00:11:43 -0200
Served asset /twitter/bootstrap/bootstrap-tab.js - 304 Not Modified (0ms)


Started GET "/assets/twitter/bootstrap/bootstrap-tooltip.js?body=1" for 127.0.0.1 at 2012-10-13 00:11:43 -0200
Served asset /twitter/bootstrap/bootstrap-tooltip.js - 304 Not Modified (0ms)


Started GET "/assets/twitter/bootstrap/bootstrap-popover.js?body=1" for 127.0.0.1 at 2012-10-13 00:11:43 -0200
Served asset /twitter/bootstrap/bootstrap-popover.js - 304 Not Modified (0ms)


Started GET "/assets/twitter/bootstrap/bootstrap-button.js?body=1" for 127.0.0.1 at 2012-10-13 00:11:43 -0200
Served asset /twitter/bootstrap/bootstrap-button.js - 304 Not Modified (0ms)


Started GET "/assets/twitter/bootstrap/bootstrap-collapse.js?body=1" for 127.0.0.1 at 2012-10-13 00:11:43 -0200
Served asset /twitter/bootstrap/bootstrap-collapse.js - 304 Not Modified (0ms)


Started GET "/assets/twitter/bootstrap/bootstrap-carousel.js?body=1" for 127.0.0.1 at 2012-10-13 00:11:43 -0200
Served asset /twitter/bootstrap/bootstrap-carousel.js - 304 Not Modified (0ms)


Started GET "/assets/twitter/bootstrap/bootstrap-typeahead.js?body=1" for 127.0.0.1 at 2012-10-13 00:11:43 -0200
Served asset /twitter/bootstrap/bootstrap-typeahead.js - 304 Not Modified (0ms)


Started GET "/assets/twitter/bootstrap/bootstrap-affix.js?body=1" for 127.0.0.1 at 2012-10-13 00:11:43 -0200
Served asset /twitter/bootstrap/bootstrap-affix.js - 304 Not Modified (0ms)


Started GET "/assets/twitter/bootstrap.js?body=1" for 127.0.0.1 at 2012-10-13 00:11:43 -0200
Served asset /twitter/bootstrap.js - 304 Not Modified (0ms)


Started GET "/assets/bootstrap.js?body=1" for 127.0.0.1 at 2012-10-13 00:11:43 -0200
Served asset /bootstrap.js - 304 Not Modified (0ms)


Started GET "/assets/destinations.js?body=1" for 127.0.0.1 at 2012-10-13 00:11:43 -0200
Served asset /destinations.js - 304 Not Modified (0ms)


Started GET "/assets/home.js?body=1" for 127.0.0.1 at 2012-10-13 00:11:43 -0200
Served asset /home.js - 304 Not Modified (0ms)


Started GET "/assets/trips.js?body=1" for 127.0.0.1 at 2012-10-13 00:11:43 -0200
Served asset /trips.js - 304 Not Modified (0ms)


Started GET "/assets/user.js?body=1" for 127.0.0.1 at 2012-10-13 00:11:43 -0200
Served asset /user.js - 304 Not Modified (0ms)


Started GET "/assets/application.js?body=1" for 127.0.0.1 at 2012-10-13 00:11:43 -0200
Served asset /application.js - 304 Not Modified (0ms)


Started GET "/trips/new" for 127.0.0.1 at 2012-10-13 00:11:55 -0200
Processing by TripsController#new as HTML
  Rendered trips/new.html.erb within layouts/application (0.0ms)
Completed 200 OK in 10ms (Views: 10.2ms | ActiveRecord: 0.0ms)


Started GET "/assets/application.css?body=1" for 127.0.0.1 at 2012-10-13 00:11:55 -0200
Served asset /application.css - 304 Not Modified (0ms)


Started GET "/assets/bootstrap_and_overrides.css?body=1" for 127.0.0.1 at 2012-10-13 00:11:55 -0200
Served asset /bootstrap_and_overrides.css - 304 Not Modified (0ms)


Started GET "/assets/home.css?body=1" for 127.0.0.1 at 2012-10-13 00:11:55 -0200
Served asset /home.css - 304 Not Modified (0ms)


Started GET "/assets/destinations.css?body=1" for 127.0.0.1 at 2012-10-13 00:11:55 -0200
Served asset /destinations.css - 304 Not Modified (0ms)


Started GET "/assets/user.css?body=1" for 127.0.0.1 at 2012-10-13 00:11:55 -0200
Served asset /user.css - 304 Not Modified (0ms)


Started GET "/assets/jquery.js?body=1" for 127.0.0.1 at 2012-10-13 00:11:55 -0200
Served asset /jquery.js - 304 Not Modified (0ms)


Started GET "/assets/trips.css?body=1" for 127.0.0.1 at 2012-10-13 00:11:55 -0200
Served asset /trips.css - 304 Not Modified (0ms)


Started GET "/assets/jquery_ujs.js?body=1" for 127.0.0.1 at 2012-10-13 00:11:55 -0200
Served asset /jquery_ujs.js - 304 Not Modified (0ms)


Started GET "/assets/twitter/bootstrap/bootstrap-transition.js?body=1" for 127.0.0.1 at 2012-10-13 00:11:55 -0200
Served asset /twitter/bootstrap/bootstrap-transition.js - 304 Not Modified (0ms)


Started GET "/assets/twitter/bootstrap/bootstrap-alert.js?body=1" for 127.0.0.1 at 2012-10-13 00:11:55 -0200
Served asset /twitter/bootstrap/bootstrap-alert.js - 304 Not Modified (0ms)


Started GET "/assets/twitter/bootstrap/bootstrap-modal.js?body=1" for 127.0.0.1 at 2012-10-13 00:11:55 -0200
Served asset /twitter/bootstrap/bootstrap-modal.js - 304 Not Modified (0ms)


Started GET "/assets/twitter/bootstrap/bootstrap-dropdown.js?body=1" for 127.0.0.1 at 2012-10-13 00:11:55 -0200
Served asset /twitter/bootstrap/bootstrap-dropdown.js - 304 Not Modified (0ms)


Started GET "/assets/twitter/bootstrap/bootstrap-scrollspy.js?body=1" for 127.0.0.1 at 2012-10-13 00:11:55 -0200
Served asset /twitter/bootstrap/bootstrap-scrollspy.js - 304 Not Modified (0ms)


Started GET "/assets/twitter/bootstrap/bootstrap-tab.js?body=1" for 127.0.0.1 at 2012-10-13 00:11:55 -0200
Served asset /twitter/bootstrap/bootstrap-tab.js - 304 Not Modified (0ms)


Started GET "/assets/twitter/bootstrap/bootstrap-tooltip.js?body=1" for 127.0.0.1 at 2012-10-13 00:11:55 -0200
Served asset /twitter/bootstrap/bootstrap-tooltip.js - 304 Not Modified (0ms)


Started GET "/assets/twitter/bootstrap/bootstrap-popover.js?body=1" for 127.0.0.1 at 2012-10-13 00:11:55 -0200
Served asset /twitter/bootstrap/bootstrap-popover.js - 304 Not Modified (0ms)


Started GET "/assets/twitter/bootstrap/bootstrap-carousel.js?body=1" for 127.0.0.1 at 2012-10-13 00:11:55 -0200
Served asset /twitter/bootstrap/bootstrap-carousel.js - 304 Not Modified (0ms)


Started GET "/assets/twitter/bootstrap/bootstrap-affix.js?body=1" for 127.0.0.1 at 2012-10-13 00:11:55 -0200
Served asset /twitter/bootstrap/bootstrap-affix.js - 304 Not Modified (0ms)


Started GET "/assets/twitter/bootstrap/bootstrap-collapse.js?body=1" for 127.0.0.1 at 2012-10-13 00:11:55 -0200
Served asset /twitter/bootstrap/bootstrap-collapse.js - 304 Not Modified (0ms)


Started GET "/assets/twitter/bootstrap.js?body=1" for 127.0.0.1 at 2012-10-13 00:11:55 -0200
Served asset /twitter/bootstrap.js - 304 Not Modified (0ms)


Started GET "/assets/twitter/bootstrap/bootstrap-button.js?body=1" for 127.0.0.1 at 2012-10-13 00:11:55 -0200
Served asset /twitter/bootstrap/bootstrap-button.js - 304 Not Modified (0ms)


Started GET "/assets/bootstrap.js?body=1" for 127.0.0.1 at 2012-10-13 00:11:55 -0200
Served asset /bootstrap.js - 304 Not Modified (1ms)


Started GET "/assets/destinations.js?body=1" for 127.0.0.1 at 2012-10-13 00:11:55 -0200
Served asset /destinations.js - 304 Not Modified (0ms)


Started GET "/assets/home.js?body=1" for 127.0.0.1 at 2012-10-13 00:11:55 -0200
Served asset /home.js - 304 Not Modified (0ms)


Started GET "/assets/trips.js?body=1" for 127.0.0.1 at 2012-10-13 00:11:55 -0200
Served asset /trips.js - 304 Not Modified (0ms)


Started GET "/assets/user.js?body=1" for 127.0.0.1 at 2012-10-13 00:11:55 -0200
Served asset /user.js - 304 Not Modified (0ms)


Started GET "/assets/application.js?body=1" for 127.0.0.1 at 2012-10-13 00:11:55 -0200
Served asset /application.js - 304 Not Modified (0ms)


Started GET "/trips/new" for 127.0.0.1 at 2012-10-13 00:13:28 -0200
Processing by TripsController#new as HTML
  Rendered trips/new.html.erb within layouts/application (0.0ms)
Completed 200 OK in 10ms (Views: 9.4ms | ActiveRecord: 0.0ms)


Started GET "/assets/application.css?body=1" for 127.0.0.1 at 2012-10-13 00:13:28 -0200
Served asset /application.css - 304 Not Modified (0ms)


Started GET "/assets/home.css?body=1" for 127.0.0.1 at 2012-10-13 00:13:28 -0200
Served asset /home.css - 304 Not Modified (0ms)


Started GET "/assets/destinations.css?body=1" for 127.0.0.1 at 2012-10-13 00:13:28 -0200
Served asset /destinations.css - 304 Not Modified (0ms)


Started GET "/assets/user.css?body=1" for 127.0.0.1 at 2012-10-13 00:13:28 -0200
Served asset /user.css - 304 Not Modified (0ms)


Started GET "/assets/trips.css?body=1" for 127.0.0.1 at 2012-10-13 00:13:28 -0200
Served asset /trips.css - 304 Not Modified (0ms)


Started GET "/assets/bootstrap_and_overrides.css?body=1" for 127.0.0.1 at 2012-10-13 00:13:28 -0200
Served asset /bootstrap_and_overrides.css - 304 Not Modified (0ms)


Started GET "/assets/jquery.js?body=1" for 127.0.0.1 at 2012-10-13 00:13:28 -0200
Served asset /jquery.js - 304 Not Modified (0ms)


Started GET "/assets/twitter/bootstrap/bootstrap-transition.js?body=1" for 127.0.0.1 at 2012-10-13 00:13:28 -0200
Served asset /twitter/bootstrap/bootstrap-transition.js - 304 Not Modified (0ms)


Started GET "/assets/jquery_ujs.js?body=1" for 127.0.0.1 at 2012-10-13 00:13:28 -0200
Served asset /jquery_ujs.js - 304 Not Modified (0ms)


Started GET "/assets/twitter/bootstrap/bootstrap-dropdown.js?body=1" for 127.0.0.1 at 2012-10-13 00:13:28 -0200
Served asset /twitter/bootstrap/bootstrap-dropdown.js - 304 Not Modified (0ms)


Started GET "/assets/twitter/bootstrap/bootstrap-modal.js?body=1" for 127.0.0.1 at 2012-10-13 00:13:28 -0200
Served asset /twitter/bootstrap/bootstrap-modal.js - 304 Not Modified (0ms)


Started GET "/assets/twitter/bootstrap/bootstrap-alert.js?body=1" for 127.0.0.1 at 2012-10-13 00:13:28 -0200
Served asset /twitter/bootstrap/bootstrap-alert.js - 304 Not Modified (0ms)


Started GET "/assets/twitter/bootstrap/bootstrap-scrollspy.js?body=1" for 127.0.0.1 at 2012-10-13 00:13:28 -0200
Served asset /twitter/bootstrap/bootstrap-scrollspy.js - 304 Not Modified (0ms)


Started GET "/assets/twitter/bootstrap/bootstrap-tab.js?body=1" for 127.0.0.1 at 2012-10-13 00:13:28 -0200
Served asset /twitter/bootstrap/bootstrap-tab.js - 304 Not Modified (0ms)


Started GET "/assets/twitter/bootstrap/bootstrap-tooltip.js?body=1" for 127.0.0.1 at 2012-10-13 00:13:28 -0200
Served asset /twitter/bootstrap/bootstrap-tooltip.js - 304 Not Modified (0ms)


Started GET "/assets/twitter/bootstrap/bootstrap-popover.js?body=1" for 127.0.0.1 at 2012-10-13 00:13:28 -0200
Served asset /twitter/bootstrap/bootstrap-popover.js - 304 Not Modified (0ms)


Started GET "/assets/twitter/bootstrap/bootstrap-button.js?body=1" for 127.0.0.1 at 2012-10-13 00:13:28 -0200
Served asset /twitter/bootstrap/bootstrap-button.js - 304 Not Modified (0ms)


Started GET "/assets/twitter/bootstrap/bootstrap-carousel.js?body=1" for 127.0.0.1 at 2012-10-13 00:13:28 -0200
Served asset /twitter/bootstrap/bootstrap-carousel.js - 304 Not Modified (0ms)


Started GET "/assets/twitter/bootstrap/bootstrap-affix.js?body=1" for 127.0.0.1 at 2012-10-13 00:13:28 -0200
Served asset /twitter/bootstrap/bootstrap-affix.js - 304 Not Modified (0ms)


Started GET "/assets/twitter/bootstrap/bootstrap-collapse.js?body=1" for 127.0.0.1 at 2012-10-13 00:13:28 -0200
Served asset /twitter/bootstrap/bootstrap-collapse.js - 304 Not Modified (0ms)


Started GET "/assets/bootstrap.js?body=1" for 127.0.0.1 at 2012-10-13 00:13:28 -0200
Served asset /bootstrap.js - 304 Not Modified (1ms)


Started GET "/assets/twitter/bootstrap.js?body=1" for 127.0.0.1 at 2012-10-13 00:13:28 -0200
Served asset /twitter/bootstrap.js - 304 Not Modified (0ms)


Started GET "/assets/destinations.js?body=1" for 127.0.0.1 at 2012-10-13 00:13:28 -0200
Served asset /destinations.js - 304 Not Modified (0ms)


Started GET "/assets/home.js?body=1" for 127.0.0.1 at 2012-10-13 00:13:28 -0200
Served asset /home.js - 304 Not Modified (0ms)


Started GET "/assets/trips.js?body=1" for 127.0.0.1 at 2012-10-13 00:13:28 -0200
Served asset /trips.js - 304 Not Modified (0ms)


Started GET "/assets/user.js?body=1" for 127.0.0.1 at 2012-10-13 00:13:28 -0200
Served asset /user.js - 304 Not Modified (0ms)


Started GET "/assets/application.js?body=1" for 127.0.0.1 at 2012-10-13 00:13:28 -0200
Served asset /application.js - 304 Not Modified (0ms)


Started GET "/trips/new" for 127.0.0.1 at 2012-10-13 00:14:13 -0200
Processing by TripsController#new as HTML
  Rendered trips/new.html.erb within layouts/application (0.0ms)
Completed 200 OK in 10ms (Views: 9.7ms | ActiveRecord: 0.0ms)


Started GET "/assets/application.css?body=1" for 127.0.0.1 at 2012-10-13 00:14:13 -0200
Served asset /application.css - 304 Not Modified (0ms)


Started GET "/assets/bootstrap_and_overrides.css?body=1" for 127.0.0.1 at 2012-10-13 00:14:13 -0200
Served asset /bootstrap_and_overrides.css - 304 Not Modified (0ms)


Started GET "/assets/destinations.css?body=1" for 127.0.0.1 at 2012-10-13 00:14:13 -0200
Served asset /destinations.css - 304 Not Modified (0ms)


Started GET "/assets/home.css?body=1" for 127.0.0.1 at 2012-10-13 00:14:13 -0200
Served asset /home.css - 304 Not Modified (0ms)


Started GET "/assets/trips.css?body=1" for 127.0.0.1 at 2012-10-13 00:14:13 -0200
Served asset /trips.css - 304 Not Modified (0ms)


Started GET "/assets/user.css?body=1" for 127.0.0.1 at 2012-10-13 00:14:13 -0200
Served asset /user.css - 304 Not Modified (0ms)


Started GET "/assets/jquery.js?body=1" for 127.0.0.1 at 2012-10-13 00:14:13 -0200
Served asset /jquery.js - 304 Not Modified (0ms)


Started GET "/assets/jquery_ujs.js?body=1" for 127.0.0.1 at 2012-10-13 00:14:13 -0200
Served asset /jquery_ujs.js - 304 Not Modified (0ms)


Started GET "/assets/twitter/bootstrap/bootstrap-typeahead.js?body=1" for 127.0.0.1 at 2012-10-13 00:14:13 -0200
Served asset /twitter/bootstrap/bootstrap-typeahead.js - 200 OK (0ms)


Started GET "/assets/twitter/bootstrap/bootstrap-transition.js?body=1" for 127.0.0.1 at 2012-10-13 00:14:13 -0200
Served asset /twitter/bootstrap/bootstrap-transition.js - 304 Not Modified (0ms)


Started GET "/assets/twitter/bootstrap/bootstrap-alert.js?body=1" for 127.0.0.1 at 2012-10-13 00:14:13 -0200
Served asset /twitter/bootstrap/bootstrap-alert.js - 304 Not Modified (0ms)


Started GET "/assets/twitter/bootstrap/bootstrap-modal.js?body=1" for 127.0.0.1 at 2012-10-13 00:14:13 -0200
Served asset /twitter/bootstrap/bootstrap-modal.js - 304 Not Modified (0ms)


Started GET "/assets/twitter/bootstrap/bootstrap-dropdown.js?body=1" for 127.0.0.1 at 2012-10-13 00:14:13 -0200
Served asset /twitter/bootstrap/bootstrap-dropdown.js - 304 Not Modified (0ms)


Started GET "/assets/twitter/bootstrap/bootstrap-tab.js?body=1" for 127.0.0.1 at 2012-10-13 00:14:13 -0200
Served asset /twitter/bootstrap/bootstrap-tab.js - 304 Not Modified (0ms)


Started GET "/assets/twitter/bootstrap/bootstrap-scrollspy.js?body=1" for 127.0.0.1 at 2012-10-13 00:14:13 -0200
Served asset /twitter/bootstrap/bootstrap-scrollspy.js - 304 Not Modified (0ms)


Started GET "/assets/twitter/bootstrap/bootstrap-tooltip.js?body=1" for 127.0.0.1 at 2012-10-13 00:14:13 -0200
Served asset /twitter/bootstrap/bootstrap-tooltip.js - 304 Not Modified (0ms)


Started GET "/assets/twitter/bootstrap/bootstrap-popover.js?body=1" for 127.0.0.1 at 2012-10-13 00:14:13 -0200
Served asset /twitter/bootstrap/bootstrap-popover.js - 304 Not Modified (0ms)


Started GET "/assets/twitter/bootstrap/bootstrap-button.js?body=1" for 127.0.0.1 at 2012-10-13 00:14:13 -0200
Served asset /twitter/bootstrap/bootstrap-button.js - 304 Not Modified (0ms)


Started GET "/assets/twitter/bootstrap/bootstrap-collapse.js?body=1" for 127.0.0.1 at 2012-10-13 00:14:13 -0200
Served asset /twitter/bootstrap/bootstrap-collapse.js - 304 Not Modified (0ms)


Started GET "/assets/twitter/bootstrap/bootstrap-carousel.js?body=1" for 127.0.0.1 at 2012-10-13 00:14:13 -0200
Served asset /twitter/bootstrap/bootstrap-carousel.js - 304 Not Modified (0ms)


Started GET "/assets/twitter/bootstrap/bootstrap-affix.js?body=1" for 127.0.0.1 at 2012-10-13 00:14:13 -0200
Served asset /twitter/bootstrap/bootstrap-affix.js - 304 Not Modified (0ms)


Started GET "/assets/twitter/bootstrap.js?body=1" for 127.0.0.1 at 2012-10-13 00:14:13 -0200
Served asset /twitter/bootstrap.js - 304 Not Modified (0ms)


Started GET "/assets/home.js?body=1" for 127.0.0.1 at 2012-10-13 00:14:13 -0200
Served asset /home.js - 304 Not Modified (0ms)


Started GET "/assets/destinations.js?body=1" for 127.0.0.1 at 2012-10-13 00:14:13 -0200
Served asset /destinations.js - 304 Not Modified (0ms)


Started GET "/assets/bootstrap.js?body=1" for 127.0.0.1 at 2012-10-13 00:14:13 -0200
Served asset /bootstrap.js - 304 Not Modified (0ms)


Started GET "/assets/trips.js?body=1" for 127.0.0.1 at 2012-10-13 00:14:13 -0200
Served asset /trips.js - 304 Not Modified (0ms)


Started GET "/assets/application.js?body=1" for 127.0.0.1 at 2012-10-13 00:14:13 -0200
Served asset /application.js - 304 Not Modified (0ms)


Started GET "/assets/user.js?body=1" for 127.0.0.1 at 2012-10-13 00:14:13 -0200
Served asset /user.js - 304 Not Modified (0ms)


Started GET "/" for 127.0.0.1 at 2012-10-13 00:14:15 -0200
Processing by HomeController#index as HTML
  Rendered home/index.html.erb within layouts/application (0.5ms)
Completed 200 OK in 10ms (Views: 9.7ms | ActiveRecord: 0.0ms)


Started GET "/assets/application.css?body=1" for 127.0.0.1 at 2012-10-13 00:14:15 -0200
Served asset /application.css - 304 Not Modified (0ms)


Started GET "/assets/bootstrap_and_overrides.css?body=1" for 127.0.0.1 at 2012-10-13 00:14:15 -0200
Served asset /bootstrap_and_overrides.css - 304 Not Modified (0ms)


Started GET "/assets/destinations.css?body=1" for 127.0.0.1 at 2012-10-13 00:14:15 -0200
Served asset /destinations.css - 304 Not Modified (0ms)


Started GET "/assets/home.css?body=1" for 127.0.0.1 at 2012-10-13 00:14:15 -0200
Served asset /home.css - 304 Not Modified (0ms)


Started GET "/assets/trips.css?body=1" for 127.0.0.1 at 2012-10-13 00:14:15 -0200
Served asset /trips.css - 304 Not Modified (0ms)


Started GET "/assets/user.css?body=1" for 127.0.0.1 at 2012-10-13 00:14:15 -0200
Served asset /user.css - 304 Not Modified (0ms)


Started GET "/assets/jquery.js?body=1" for 127.0.0.1 at 2012-10-13 00:14:15 -0200
Served asset /jquery.js - 304 Not Modified (0ms)


Started GET "/assets/jquery_ujs.js?body=1" for 127.0.0.1 at 2012-10-13 00:14:15 -0200
Served asset /jquery_ujs.js - 304 Not Modified (0ms)


Started GET "/assets/twitter/bootstrap/bootstrap-transition.js?body=1" for 127.0.0.1 at 2012-10-13 00:14:15 -0200
Served asset /twitter/bootstrap/bootstrap-transition.js - 304 Not Modified (0ms)


Started GET "/assets/twitter/bootstrap/bootstrap-alert.js?body=1" for 127.0.0.1 at 2012-10-13 00:14:15 -0200
Served asset /twitter/bootstrap/bootstrap-alert.js - 304 Not Modified (0ms)


Started GET "/assets/twitter/bootstrap/bootstrap-modal.js?body=1" for 127.0.0.1 at 2012-10-13 00:14:15 -0200
Served asset /twitter/bootstrap/bootstrap-modal.js - 304 Not Modified (0ms)


Started GET "/assets/twitter/bootstrap/bootstrap-dropdown.js?body=1" for 127.0.0.1 at 2012-10-13 00:14:15 -0200
Served asset /twitter/bootstrap/bootstrap-dropdown.js - 304 Not Modified (0ms)


Started GET "/assets/twitter/bootstrap/bootstrap-scrollspy.js?body=1" for 127.0.0.1 at 2012-10-13 00:14:15 -0200
Served asset /twitter/bootstrap/bootstrap-scrollspy.js - 304 Not Modified (0ms)


Started GET "/assets/twitter/bootstrap/bootstrap-tab.js?body=1" for 127.0.0.1 at 2012-10-13 00:14:15 -0200
Served asset /twitter/bootstrap/bootstrap-tab.js - 304 Not Modified (0ms)


Started GET "/assets/twitter/bootstrap/bootstrap-tooltip.js?body=1" for 127.0.0.1 at 2012-10-13 00:14:15 -0200
Served asset /twitter/bootstrap/bootstrap-tooltip.js - 304 Not Modified (0ms)


Started GET "/assets/twitter/bootstrap/bootstrap-popover.js?body=1" for 127.0.0.1 at 2012-10-13 00:14:15 -0200
Served asset /twitter/bootstrap/bootstrap-popover.js - 304 Not Modified (0ms)


Started GET "/assets/twitter/bootstrap/bootstrap-button.js?body=1" for 127.0.0.1 at 2012-10-13 00:14:15 -0200
Served asset /twitter/bootstrap/bootstrap-button.js - 304 Not Modified (0ms)


Started GET "/assets/twitter/bootstrap/bootstrap-carousel.js?body=1" for 127.0.0.1 at 2012-10-13 00:14:15 -0200
Served asset /twitter/bootstrap/bootstrap-carousel.js - 304 Not Modified (0ms)


Started GET "/assets/twitter/bootstrap/bootstrap-collapse.js?body=1" for 127.0.0.1 at 2012-10-13 00:14:15 -0200
Served asset /twitter/bootstrap/bootstrap-collapse.js - 304 Not Modified (0ms)


Started GET "/assets/twitter/bootstrap/bootstrap-affix.js?body=1" for 127.0.0.1 at 2012-10-13 00:14:15 -0200
Served asset /twitter/bootstrap/bootstrap-affix.js - 304 Not Modified (0ms)


Started GET "/assets/bootstrap.js?body=1" for 127.0.0.1 at 2012-10-13 00:14:15 -0200
Served asset /bootstrap.js - 304 Not Modified (0ms)


Started GET "/assets/twitter/bootstrap.js?body=1" for 127.0.0.1 at 2012-10-13 00:14:15 -0200
Served asset /twitter/bootstrap.js - 304 Not Modified (0ms)


Started GET "/assets/home.js?body=1" for 127.0.0.1 at 2012-10-13 00:14:15 -0200
Served asset /home.js - 304 Not Modified (0ms)


Started GET "/assets/destinations.js?body=1" for 127.0.0.1 at 2012-10-13 00:14:15 -0200
Served asset /destinations.js - 304 Not Modified (0ms)


Started GET "/assets/trips.js?body=1" for 127.0.0.1 at 2012-10-13 00:14:15 -0200
Served asset /trips.js - 304 Not Modified (0ms)


Started GET "/assets/user.js?body=1" for 127.0.0.1 at 2012-10-13 00:14:15 -0200
Served asset /user.js - 304 Not Modified (0ms)


Started GET "/assets/application.js?body=1" for 127.0.0.1 at 2012-10-13 00:14:15 -0200
Served asset /application.js - 304 Not Modified (0ms)


Started GET "/trips" for 127.0.0.1 at 2012-10-13 00:14:17 -0200
Processing by TripsController#index as HTML
  Rendered trips/index.html.erb within layouts/application (0.3ms)
Completed 200 OK in 10ms (Views: 10.0ms | ActiveRecord: 0.0ms)


Started GET "/assets/application.css?body=1" for 127.0.0.1 at 2012-10-13 00:14:17 -0200
Served asset /application.css - 304 Not Modified (0ms)


Started GET "/assets/home.css?body=1" for 127.0.0.1 at 2012-10-13 00:14:17 -0200
Served asset /home.css - 304 Not Modified (0ms)


Started GET "/assets/destinations.css?body=1" for 127.0.0.1 at 2012-10-13 00:14:17 -0200
Served asset /destinations.css - 304 Not Modified (0ms)


Started GET "/assets/bootstrap_and_overrides.css?body=1" for 127.0.0.1 at 2012-10-13 00:14:17 -0200
Served asset /bootstrap_and_overrides.css - 304 Not Modified (0ms)


Started GET "/assets/trips.css?body=1" for 127.0.0.1 at 2012-10-13 00:14:17 -0200
Served asset /trips.css - 304 Not Modified (0ms)


Started GET "/assets/user.css?body=1" for 127.0.0.1 at 2012-10-13 00:14:17 -0200
Served asset /user.css - 304 Not Modified (0ms)


Started GET "/assets/jquery.js?body=1" for 127.0.0.1 at 2012-10-13 00:14:17 -0200
Served asset /jquery.js - 304 Not Modified (0ms)


Started GET "/assets/jquery_ujs.js?body=1" for 127.0.0.1 at 2012-10-13 00:14:17 -0200
Served asset /jquery_ujs.js - 304 Not Modified (0ms)


Started GET "/assets/twitter/bootstrap/bootstrap-alert.js?body=1" for 127.0.0.1 at 2012-10-13 00:14:17 -0200
Served asset /twitter/bootstrap/bootstrap-alert.js - 304 Not Modified (0ms)


Started GET "/assets/twitter/bootstrap/bootstrap-transition.js?body=1" for 127.0.0.1 at 2012-10-13 00:14:17 -0200
Served asset /twitter/bootstrap/bootstrap-transition.js - 304 Not Modified (0ms)


Started GET "/assets/twitter/bootstrap/bootstrap-modal.js?body=1" for 127.0.0.1 at 2012-10-13 00:14:17 -0200
Served asset /twitter/bootstrap/bootstrap-modal.js - 304 Not Modified (0ms)


Started GET "/assets/twitter/bootstrap/bootstrap-dropdown.js?body=1" for 127.0.0.1 at 2012-10-13 00:14:17 -0200
Served asset /twitter/bootstrap/bootstrap-dropdown.js - 304 Not Modified (0ms)


Started GET "/assets/twitter/bootstrap/bootstrap-scrollspy.js?body=1" for 127.0.0.1 at 2012-10-13 00:14:17 -0200
Served asset /twitter/bootstrap/bootstrap-scrollspy.js - 304 Not Modified (0ms)


Started GET "/assets/twitter/bootstrap/bootstrap-tab.js?body=1" for 127.0.0.1 at 2012-10-13 00:14:17 -0200
Served asset /twitter/bootstrap/bootstrap-tab.js - 304 Not Modified (0ms)


Started GET "/assets/twitter/bootstrap/bootstrap-tooltip.js?body=1" for 127.0.0.1 at 2012-10-13 00:14:17 -0200
Served asset /twitter/bootstrap/bootstrap-tooltip.js - 304 Not Modified (0ms)


Started GET "/assets/twitter/bootstrap/bootstrap-popover.js?body=1" for 127.0.0.1 at 2012-10-13 00:14:17 -0200
Served asset /twitter/bootstrap/bootstrap-popover.js - 304 Not Modified (0ms)


Started GET "/assets/twitter/bootstrap/bootstrap-collapse.js?body=1" for 127.0.0.1 at 2012-10-13 00:14:17 -0200
Served asset /twitter/bootstrap/bootstrap-collapse.js - 304 Not Modified (0ms)


Started GET "/assets/twitter/bootstrap/bootstrap-carousel.js?body=1" for 127.0.0.1 at 2012-10-13 00:14:17 -0200
Served asset /twitter/bootstrap/bootstrap-carousel.js - 304 Not Modified (0ms)


Started GET "/assets/twitter/bootstrap/bootstrap-button.js?body=1" for 127.0.0.1 at 2012-10-13 00:14:17 -0200
Served asset /twitter/bootstrap/bootstrap-button.js - 304 Not Modified (0ms)


Started GET "/assets/twitter/bootstrap/bootstrap-affix.js?body=1" for 127.0.0.1 at 2012-10-13 00:14:17 -0200
Served asset /twitter/bootstrap/bootstrap-affix.js - 304 Not Modified (0ms)


Started GET "/assets/twitter/bootstrap.js?body=1" for 127.0.0.1 at 2012-10-13 00:14:17 -0200
Served asset /twitter/bootstrap.js - 304 Not Modified (0ms)


Started GET "/assets/bootstrap.js?body=1" for 127.0.0.1 at 2012-10-13 00:14:17 -0200
Served asset /bootstrap.js - 304 Not Modified (1ms)


Started GET "/assets/destinations.js?body=1" for 127.0.0.1 at 2012-10-13 00:14:17 -0200
Served asset /destinations.js - 304 Not Modified (0ms)


Started GET "/assets/home.js?body=1" for 127.0.0.1 at 2012-10-13 00:14:17 -0200
Served asset /home.js - 304 Not Modified (0ms)


Started GET "/assets/trips.js?body=1" for 127.0.0.1 at 2012-10-13 00:14:17 -0200
Served asset /trips.js - 304 Not Modified (0ms)


Started GET "/assets/user.js?body=1" for 127.0.0.1 at 2012-10-13 00:14:17 -0200
Served asset /user.js - 304 Not Modified (0ms)


Started GET "/assets/application.js?body=1" for 127.0.0.1 at 2012-10-13 00:14:17 -0200
Served asset /application.js - 304 Not Modified (1ms)


Started GET "/" for 127.0.0.1 at 2012-10-13 00:14:18 -0200
Processing by HomeController#index as HTML
  Rendered home/index.html.erb within layouts/application (0.3ms)
Completed 200 OK in 50ms (Views: 49.9ms | ActiveRecord: 0.0ms)


Started GET "/assets/bootstrap_and_overrides.css?body=1" for 127.0.0.1 at 2012-10-13 00:14:18 -0200
Served asset /bootstrap_and_overrides.css - 304 Not Modified (0ms)


Started GET "/assets/destinations.css?body=1" for 127.0.0.1 at 2012-10-13 00:14:18 -0200
Served asset /destinations.css - 304 Not Modified (0ms)


Started GET "/assets/application.css?body=1" for 127.0.0.1 at 2012-10-13 00:14:18 -0200
Served asset /application.css - 304 Not Modified (0ms)


Started GET "/assets/trips.css?body=1" for 127.0.0.1 at 2012-10-13 00:14:18 -0200
Served asset /trips.css - 304 Not Modified (0ms)


Started GET "/assets/user.css?body=1" for 127.0.0.1 at 2012-10-13 00:14:18 -0200
Served asset /user.css - 304 Not Modified (0ms)


Started GET "/assets/jquery.js?body=1" for 127.0.0.1 at 2012-10-13 00:14:18 -0200
Served asset /jquery.js - 304 Not Modified (0ms)


Started GET "/assets/jquery_ujs.js?body=1" for 127.0.0.1 at 2012-10-13 00:14:18 -0200
Served asset /jquery_ujs.js - 304 Not Modified (0ms)


Started GET "/assets/twitter/bootstrap/bootstrap-transition.js?body=1" for 127.0.0.1 at 2012-10-13 00:14:18 -0200
Served asset /twitter/bootstrap/bootstrap-transition.js - 304 Not Modified (0ms)


Started GET "/assets/twitter/bootstrap/bootstrap-alert.js?body=1" for 127.0.0.1 at 2012-10-13 00:14:18 -0200
Served asset /twitter/bootstrap/bootstrap-alert.js - 304 Not Modified (0ms)


Started GET "/assets/twitter/bootstrap/bootstrap-modal.js?body=1" for 127.0.0.1 at 2012-10-13 00:14:18 -0200
Served asset /twitter/bootstrap/bootstrap-modal.js - 304 Not Modified (0ms)


Started GET "/assets/twitter/bootstrap/bootstrap-scrollspy.js?body=1" for 127.0.0.1 at 2012-10-13 00:14:18 -0200
Served asset /twitter/bootstrap/bootstrap-scrollspy.js - 304 Not Modified (0ms)


Started GET "/assets/twitter/bootstrap/bootstrap-dropdown.js?body=1" for 127.0.0.1 at 2012-10-13 00:14:18 -0200
Served asset /twitter/bootstrap/bootstrap-dropdown.js - 304 Not Modified (0ms)


Started GET "/assets/twitter/bootstrap/bootstrap-tab.js?body=1" for 127.0.0.1 at 2012-10-13 00:14:18 -0200
Served asset /twitter/bootstrap/bootstrap-tab.js - 304 Not Modified (0ms)


Started GET "/assets/twitter/bootstrap/bootstrap-button.js?body=1" for 127.0.0.1 at 2012-10-13 00:14:18 -0200
Served asset /twitter/bootstrap/bootstrap-button.js - 304 Not Modified (0ms)


Started GET "/assets/twitter/bootstrap/bootstrap-popover.js?body=1" for 127.0.0.1 at 2012-10-13 00:14:18 -0200
Served asset /twitter/bootstrap/bootstrap-popover.js - 304 Not Modified (0ms)


Started GET "/assets/twitter/bootstrap/bootstrap-tooltip.js?body=1" for 127.0.0.1 at 2012-10-13 00:14:18 -0200
Served asset /twitter/bootstrap/bootstrap-tooltip.js - 304 Not Modified (0ms)


Started GET "/assets/twitter/bootstrap/bootstrap-collapse.js?body=1" for 127.0.0.1 at 2012-10-13 00:14:18 -0200
Served asset /twitter/bootstrap/bootstrap-collapse.js - 304 Not Modified (0ms)


Started GET "/assets/twitter/bootstrap/bootstrap-carousel.js?body=1" for 127.0.0.1 at 2012-10-13 00:14:18 -0200
Served asset /twitter/bootstrap/bootstrap-carousel.js - 304 Not Modified (0ms)


Started GET "/assets/twitter/bootstrap/bootstrap-affix.js?body=1" for 127.0.0.1 at 2012-10-13 00:14:18 -0200
Served asset /twitter/bootstrap/bootstrap-affix.js - 304 Not Modified (0ms)


Started GET "/assets/twitter/bootstrap.js?body=1" for 127.0.0.1 at 2012-10-13 00:14:18 -0200
Served asset /twitter/bootstrap.js - 304 Not Modified (0ms)


Started GET "/assets/bootstrap.js?body=1" for 127.0.0.1 at 2012-10-13 00:14:18 -0200
Served asset /bootstrap.js - 304 Not Modified (0ms)


Started GET "/assets/destinations.js?body=1" for 127.0.0.1 at 2012-10-13 00:14:18 -0200
Served asset /destinations.js - 304 Not Modified (0ms)


Started GET "/assets/home.js?body=1" for 127.0.0.1 at 2012-10-13 00:14:18 -0200
Served asset /home.js - 304 Not Modified (0ms)


Started GET "/assets/user.js?body=1" for 127.0.0.1 at 2012-10-13 00:14:18 -0200
Served asset /user.js - 304 Not Modified (0ms)


Started GET "/assets/trips.js?body=1" for 127.0.0.1 at 2012-10-13 00:14:18 -0200
Served asset /trips.js - 304 Not Modified (0ms)


Started GET "/assets/application.js?body=1" for 127.0.0.1 at 2012-10-13 00:14:18 -0200
Served asset /application.js - 304 Not Modified (0ms)
Connecting to database specified by database.yml


Started GET "/" for 127.0.0.1 at 2012-10-13 00:19:34 -0200
Processing by HomeController#index as HTML
  Rendered home/index.html.erb within layouts/application (0.3ms)
Completed 500 Internal Server Error in 15ms

ActionView::Template::Error (Syntax Error on line 2
  (in /Users/veronicarebagliatte/Documents/Dev/r12-team-209/app/assets/stylesheets/bootstrap_and_overrides.css.less)):
    5:   <!--[if lt IE 9]>
    6:     <script src="http://html5shim.googlecode.com/svn/trunk/html5.js" type="text/javascript"></script>
    7:   <![endif]-->
    8:   <%= stylesheet_link_tag "application", :media => "all" %>
    9:   <%= csrf_meta_tags %>
    10:   <meta name="viewport" content="width=device-width, initial-scale=1.0">
    11: </head>
  app/views/layouts/application.html.erb:8:in `_app_views_layouts_application_html_erb__3651306497559209834_70304444500320'


  Rendered /Users/veronicarebagliatte/.rvm/gems/ruby-1.9.3-p194@tripbudget/gems/actionpack-3.2.8/lib/action_dispatch/middleware/templates/rescues/_trace.erb (1.0ms)
  Rendered /Users/veronicarebagliatte/.rvm/gems/ruby-1.9.3-p194@tripbudget/gems/actionpack-3.2.8/lib/action_dispatch/middleware/templates/rescues/_request_and_response.erb (0.7ms)
  Rendered /Users/veronicarebagliatte/.rvm/gems/ruby-1.9.3-p194@tripbudget/gems/actionpack-3.2.8/lib/action_dispatch/middleware/templates/rescues/template_error.erb within rescues/layout (7.9ms)


Started GET "/" for 127.0.0.1 at 2012-10-13 00:20:40 -0200
Processing by HomeController#index as HTML
  Rendered home/index.html.erb within layouts/application (0.3ms)
Completed 500 Internal Server Error in 107ms

ActionView::Template::Error (File to import not found or unreadable: bootstrap.
Load path: Sass::Rails::Importer(/Users/veronicarebagliatte/Documents/Dev/r12-team-209/app/assets/stylesheets/bootstrap_and_overrides.css.scss)
  (in /Users/veronicarebagliatte/Documents/Dev/r12-team-209/app/assets/stylesheets/bootstrap_and_overrides.css.scss)):
    5:   <!--[if lt IE 9]>
    6:     <script src="http://html5shim.googlecode.com/svn/trunk/html5.js" type="text/javascript"></script>
    7:   <![endif]-->
    8:   <%= stylesheet_link_tag "application", :media => "all" %>
    9:   <%= csrf_meta_tags %>
    10:   <meta name="viewport" content="width=device-width, initial-scale=1.0">
    11: </head>
  app/assets/stylesheets/bootstrap_and_overrides.css.scss:10
  app/views/layouts/application.html.erb:8:in `_app_views_layouts_application_html_erb__3651306497559209834_70304444500320'


  Rendered /Users/veronicarebagliatte/.rvm/gems/ruby-1.9.3-p194@tripbudget/gems/actionpack-3.2.8/lib/action_dispatch/middleware/templates/rescues/_trace.erb (1.0ms)
  Rendered /Users/veronicarebagliatte/.rvm/gems/ruby-1.9.3-p194@tripbudget/gems/actionpack-3.2.8/lib/action_dispatch/middleware/templates/rescues/_request_and_response.erb (0.7ms)
  Rendered /Users/veronicarebagliatte/.rvm/gems/ruby-1.9.3-p194@tripbudget/gems/actionpack-3.2.8/lib/action_dispatch/middleware/templates/rescues/template_error.erb within rescues/layout (6.9ms)
Connecting to database specified by database.yml


Started GET "/" for 127.0.0.1 at 2012-10-13 00:22:21 -0200
Processing by HomeController#index as HTML
  Rendered home/index.html.erb within layouts/application (0.8ms)
Compiled bootstrap_and_overrides.css  (1999ms)  (pid 48736)
Compiled application.css  (2009ms)  (pid 48736)
Compiled application.js  (6ms)  (pid 48736)
Completed 200 OK in 2208ms (Views: 2207.7ms | ActiveRecord: 0.0ms)


Started GET "/assets/home.css?body=1" for 127.0.0.1 at 2012-10-13 00:22:23 -0200
Served asset /home.css - 200 OK (1ms)


Started GET "/assets/bootstrap_and_overrides.css?body=1" for 127.0.0.1 at 2012-10-13 00:22:23 -0200
Served asset /bootstrap_and_overrides.css - 200 OK (10ms)


Started GET "/assets/destinations.css?body=1" for 127.0.0.1 at 2012-10-13 00:22:23 -0200
Served asset /destinations.css - 304 Not Modified (1ms)


Started GET "/assets/trips.css?body=1" for 127.0.0.1 at 2012-10-13 00:22:23 -0200
Served asset /trips.css - 304 Not Modified (1ms)


Started GET "/assets/user.css?body=1" for 127.0.0.1 at 2012-10-13 00:22:23 -0200
Served asset /user.css - 304 Not Modified (1ms)


Started GET "/assets/jquery.js?body=1" for 127.0.0.1 at 2012-10-13 00:22:23 -0200
Served asset /jquery.js - 304 Not Modified (3ms)


Started GET "/assets/application.css?body=1" for 127.0.0.1 at 2012-10-13 00:22:23 -0200
Served asset /application.css - 304 Not Modified (10ms)


Started GET "/assets/jquery_ujs.js?body=1" for 127.0.0.1 at 2012-10-13 00:22:23 -0200
Served asset /jquery_ujs.js - 304 Not Modified (2ms)


Started GET "/assets/bootstrap.js?body=1" for 127.0.0.1 at 2012-10-13 00:22:23 -0200
Served asset /bootstrap.js - 304 Not Modified (3ms)


Started GET "/assets/destinations.js?body=1" for 127.0.0.1 at 2012-10-13 00:22:23 -0200
Served asset /destinations.js - 304 Not Modified (2ms)


Started GET "/assets/home.js?body=1" for 127.0.0.1 at 2012-10-13 00:22:23 -0200
Served asset /home.js - 304 Not Modified (1ms)


Started GET "/assets/trips.js?body=1" for 127.0.0.1 at 2012-10-13 00:22:23 -0200
Served asset /trips.js - 304 Not Modified (1ms)


Started GET "/assets/user.js?body=1" for 127.0.0.1 at 2012-10-13 00:22:23 -0200
Served asset /user.js - 304 Not Modified (1ms)


Started GET "/assets/application.js?body=1" for 127.0.0.1 at 2012-10-13 00:22:23 -0200
Served asset /application.js - 304 Not Modified (5ms)


Started GET "/" for 127.0.0.1 at 2012-10-13 00:22:42 -0200
Processing by HomeController#index as HTML
  Rendered home/index.html.erb within layouts/application (0.3ms)
Compiled bootstrap_and_overrides.css  (791ms)  (pid 48736)
Compiled application.css  (1ms)  (pid 48736)
Completed 200 OK in 900ms (Views: 899.9ms | ActiveRecord: 0.0ms)


Started GET "/assets/application.css?body=1" for 127.0.0.1 at 2012-10-13 00:22:43 -0200
Served asset /application.css - 304 Not Modified (21ms)


Started GET "/assets/bootstrap_and_overrides.css?body=1" for 127.0.0.1 at 2012-10-13 00:22:43 -0200
Served asset /bootstrap_and_overrides.css - 200 OK (6ms)


Started GET "/assets/home.css?body=1" for 127.0.0.1 at 2012-10-13 00:22:43 -0200
Served asset /home.css - 304 Not Modified (0ms)


Started GET "/assets/trips.css?body=1" for 127.0.0.1 at 2012-10-13 00:22:43 -0200
Served asset /trips.css - 304 Not Modified (0ms)


Started GET "/assets/user.css?body=1" for 127.0.0.1 at 2012-10-13 00:22:43 -0200
Served asset /user.css - 304 Not Modified (0ms)


Started GET "/assets/destinations.css?body=1" for 127.0.0.1 at 2012-10-13 00:22:43 -0200
Served asset /destinations.css - 304 Not Modified (0ms)


Started GET "/assets/jquery.js?body=1" for 127.0.0.1 at 2012-10-13 00:22:43 -0200
Served asset /jquery.js - 304 Not Modified (0ms)


Started GET "/assets/jquery_ujs.js?body=1" for 127.0.0.1 at 2012-10-13 00:22:43 -0200
Served asset /jquery_ujs.js - 304 Not Modified (0ms)


Started GET "/assets/bootstrap.js?body=1" for 127.0.0.1 at 2012-10-13 00:22:43 -0200
Served asset /bootstrap.js - 304 Not Modified (3ms)


Started GET "/assets/destinations.js?body=1" for 127.0.0.1 at 2012-10-13 00:22:43 -0200
Served asset /destinations.js - 304 Not Modified (0ms)


Started GET "/assets/home.js?body=1" for 127.0.0.1 at 2012-10-13 00:22:43 -0200
Served asset /home.js - 304 Not Modified (0ms)


Started GET "/assets/trips.js?body=1" for 127.0.0.1 at 2012-10-13 00:22:43 -0200
Served asset /trips.js - 304 Not Modified (0ms)


Started GET "/assets/user.js?body=1" for 127.0.0.1 at 2012-10-13 00:22:43 -0200
Served asset /user.js - 304 Not Modified (0ms)


Started GET "/assets/application.js?body=1" for 127.0.0.1 at 2012-10-13 00:22:43 -0200
Served asset /application.js - 304 Not Modified (0ms)


Started GET "/" for 127.0.0.1 at 2012-10-13 00:23:03 -0200
Processing by HomeController#index as HTML
  Rendered home/index.html.erb within layouts/application (0.3ms)
Compiled bootstrap_and_overrides.css  (795ms)  (pid 48736)
Compiled application.css  (1ms)  (pid 48736)
Completed 200 OK in 905ms (Views: 904.8ms | ActiveRecord: 0.0ms)


Started GET "/assets/application.css?body=1" for 127.0.0.1 at 2012-10-13 00:23:04 -0200
Served asset /application.css - 304 Not Modified (16ms)


Started GET "/assets/bootstrap_and_overrides.css?body=1" for 127.0.0.1 at 2012-10-13 00:23:04 -0200
Served asset /bootstrap_and_overrides.css - 200 OK (9ms)


Started GET "/assets/destinations.css?body=1" for 127.0.0.1 at 2012-10-13 00:23:04 -0200
Served asset /destinations.css - 304 Not Modified (0ms)


Started GET "/assets/home.css?body=1" for 127.0.0.1 at 2012-10-13 00:23:04 -0200
Served asset /home.css - 304 Not Modified (0ms)


Started GET "/assets/trips.css?body=1" for 127.0.0.1 at 2012-10-13 00:23:04 -0200
Served asset /trips.css - 304 Not Modified (0ms)


Started GET "/assets/user.css?body=1" for 127.0.0.1 at 2012-10-13 00:23:04 -0200
Served asset /user.css - 304 Not Modified (0ms)


Started GET "/assets/jquery.js?body=1" for 127.0.0.1 at 2012-10-13 00:23:04 -0200
Served asset /jquery.js - 304 Not Modified (0ms)


Started GET "/assets/jquery_ujs.js?body=1" for 127.0.0.1 at 2012-10-13 00:23:04 -0200
Served asset /jquery_ujs.js - 304 Not Modified (0ms)


Started GET "/assets/bootstrap.js?body=1" for 127.0.0.1 at 2012-10-13 00:23:04 -0200
Served asset /bootstrap.js - 304 Not Modified (0ms)


Started GET "/assets/destinations.js?body=1" for 127.0.0.1 at 2012-10-13 00:23:04 -0200
Served asset /destinations.js - 304 Not Modified (0ms)


Started GET "/assets/home.js?body=1" for 127.0.0.1 at 2012-10-13 00:23:04 -0200
Served asset /home.js - 304 Not Modified (0ms)


Started GET "/assets/user.js?body=1" for 127.0.0.1 at 2012-10-13 00:23:04 -0200
Served asset /user.js - 304 Not Modified (0ms)


Started GET "/assets/trips.js?body=1" for 127.0.0.1 at 2012-10-13 00:23:04 -0200
Served asset /trips.js - 304 Not Modified (0ms)


Started GET "/assets/application.js?body=1" for 127.0.0.1 at 2012-10-13 00:23:04 -0200
Served asset /application.js - 304 Not Modified (0ms)
